======================= MACHINE FILE :
waimea
belharra
nazare
waimea 
=====================================
 
 
======================= COMMANDS USED :
/net/ens/mercier/PR204/Suivi_Thor/2021-2022/Repositories/pr204-13900/Phase1/bin/dsmexec
/net/ens/mercier/PR204/Suivi_Thor/2021-2022/Repositories/pr204-13900/Phase1/bin/dsmwrap
/net/ens/mercier/PR204/Suivi_Thor/2021-2022/Repositories/pr204-13900/Phase1/bin/truc
=====================================
 
 
======================= REGULAR TEST :
arg[0] : truc
open: No such file or directory
Working dir is /net/ens/mercier/PR204/Suivi_Thor/2021-2022/Repositories/pr204-13900/Phase1
Number of args : 1
================ Valeur du descripteur : -1
 
=====================================
 
======================= DSMEXEC TEST :
============================ Essai #1
============================ Essai #2
=====================================
 
 
======================= DATA EXCHANGE TEST :
=====================================
